[0m07:26:21.920310 [debug] [MainThread]: Sending event: {'category': 'dbt', 'action': 'invocation', 'label': 'start', 'context': [<snowplow_tracker.self_describing_json.SelfDescribingJson object at 0x1091a4e50>, <snowplow_tracker.self_describing_json.SelfDescribingJson object at 0x10a21c9a0>, <snowplow_tracker.self_describing_json.SelfDescribingJson object at 0x10a21c370>]}


============================== 07:26:21.924296 | bb001d63-0b73-4ce6-b635-15f2741b0aa2 ==============================
[0m07:26:21.924296 [info ] [MainThread]: Running with dbt=1.10.20
[0m07:26:21.924782 [debug] [MainThread]: running dbt with arguments {'warn_error_options': 'WarnErrorOptionsV2(error=[], warn=[], silence=[])', 'no_print': 'None', 'warn_error': 'None', 'static_parser': 'True', 'log_cache_events': 'False', 'send_anonymous_usage_stats': 'True', 'printer_width': '80', 'profiles_dir': '/Users/kevinjohnson/.dbt', 'log_format': 'default', 'quiet': 'False', 'target_path': 'None', 'use_experimental_parser': 'False', 'use_colors': 'True', 'introspect': 'True', 'debug': 'False', 'log_path': 'logs', 'write_json': 'True', 'version_check': 'True', 'fail_fast': 'False', 'indirect_selection': 'eager', 'partial_parse': 'True', 'empty': 'None', 'invocation_command': 'dbt init cfb_analytics', 'cache_selected_only': 'False'}
[0m07:26:21.934792 [info ] [MainThread]: Creating dbt configuration folder at /Users/kevinjohnson/.dbt
[0m07:26:21.936014 [debug] [MainThread]: Starter project path: /opt/homebrew/lib/python3.9/site-packages/dbt/include/starter_project
[0m07:26:21.941960 [info ] [MainThread]: 
Your new dbt project "cfb_analytics" was created!

For more information on how to configure the profiles.yml file,
please consult the dbt documentation here:

  https://docs.getdbt.com/docs/configure-your-profile

One more thing:

Need help? Don't hesitate to reach out to us via GitHub issues or on Slack:

  https://community.getdbt.com/

Happy modeling!

[0m07:26:21.942299 [info ] [MainThread]: Setting up your profile.
[0m07:27:44.375999 [info ] [MainThread]: Profile cfb_analytics written to /Users/kevinjohnson/.dbt/profiles.yml using target's profile_template.yml and your supplied values. Run 'dbt debug' to validate the connection.
[0m07:27:44.401817 [debug] [MainThread]: Resource report: {"command_name": "init", "command_success": true, "command_wall_clock_time": 82.545494, "process_in_blocks": "0", "process_kernel_time": 0.217734, "process_mem_max_rss": "120242176", "process_out_blocks": "0", "process_user_time": 2.4368}
[0m07:27:44.402857 [debug] [MainThread]: Command `dbt init` succeeded at 07:27:44.402627 after 82.55 seconds
[0m07:27:44.403676 [debug] [MainThread]: Sending event: {'category': 'dbt', 'action': 'invocation', 'label': 'end', 'context': [<snowplow_tracker.self_describing_json.SelfDescribingJson object at 0x1091a4e50>, <snowplow_tracker.self_describing_json.SelfDescribingJson object at 0x10a2aecd0>, <snowplow_tracker.self_describing_json.SelfDescribingJson object at 0x10a2aec70>]}
[0m07:27:44.404524 [debug] [MainThread]: Flushing usage events
[0m07:27:45.088854 [debug] [MainThread]: An error was encountered while trying to flush usage events
